\BOOKMARK [0][-]{chapter.1}{\376\377\0001\000\040\000C\000l\000a\000s\000s\000\040\000I\000n\000d\000e\000x}{}% 1
\BOOKMARK [1][-]{section.1.1}{\376\377\0001\000.\0001\000\040\000C\000l\000a\000s\000s\000\040\000L\000i\000s\000t}{chapter.1}% 2
\BOOKMARK [0][-]{chapter.2}{\376\377\0002\000\040\000F\000i\000l\000e\000\040\000I\000n\000d\000e\000x}{}% 3
\BOOKMARK [1][-]{section.2.1}{\376\377\0002\000.\0001\000\040\000F\000i\000l\000e\000\040\000L\000i\000s\000t}{chapter.2}% 4
\BOOKMARK [0][-]{chapter.3}{\376\377\0003\000\040\000C\000l\000a\000s\000s\000\040\000D\000o\000c\000u\000m\000e\000n\000t\000a\000t\000i\000o\000n}{}% 5
\BOOKMARK [1][-]{section.3.1}{\376\377\0003\000.\0001\000\040\000C\000o\000n\000t\000e\000x\000t\000o\000\040\000S\000t\000r\000u\000c\000t\000\040\000R\000e\000f\000e\000r\000e\000n\000c\000e}{chapter.3}% 6
\BOOKMARK [2][-]{subsection.3.1.1}{\376\377\0003\000.\0001\000.\0001\000\040\000D\000e\000t\000a\000i\000l\000e\000d\000\040\000D\000e\000s\000c\000r\000i\000p\000t\000i\000o\000n}{section.3.1}% 7
\BOOKMARK [2][-]{subsection.3.1.2}{\376\377\0003\000.\0001\000.\0002\000\040\000M\000e\000m\000b\000e\000r\000\040\000D\000a\000t\000a\000\040\000D\000o\000c\000u\000m\000e\000n\000t\000a\000t\000i\000o\000n}{section.3.1}% 8
\BOOKMARK [3][-]{subsubsection.3.1.2.1}{\376\377\0003\000.\0001\000.\0002\000.\0001\000\040\000l\000i\000s\000t\000a\000\137\000p\000r\000o\000d\000u\000t\000o\000s}{subsection.3.1.2}% 9
\BOOKMARK [3][-]{subsubsection.3.1.2.2}{\376\377\0003\000.\0001\000.\0002\000.\0002\000\040\000l\000o\000g\000s\000\137\000v\000e\000n\000d\000a\000s}{subsection.3.1.2}% 10
\BOOKMARK [3][-]{subsubsection.3.1.2.3}{\376\377\0003\000.\0001\000.\0002\000.\0003\000\040\000p\000r\000o\000d\000u\000t\000o\000\137\000s\000e\000l\000e\000c\000i\000o\000n\000a\000d\000o}{subsection.3.1.2}% 11
\BOOKMARK [1][-]{section.3.2}{\376\377\0003\000.\0002\000\040\000F\000i\000l\000a\000\040\000S\000t\000r\000u\000c\000t\000\040\000R\000e\000f\000e\000r\000e\000n\000c\000e}{chapter.3}% 12
\BOOKMARK [2][-]{subsection.3.2.1}{\376\377\0003\000.\0002\000.\0001\000\040\000D\000e\000t\000a\000i\000l\000e\000d\000\040\000D\000e\000s\000c\000r\000i\000p\000t\000i\000o\000n}{section.3.2}% 13
\BOOKMARK [2][-]{subsection.3.2.2}{\376\377\0003\000.\0002\000.\0002\000\040\000M\000e\000m\000b\000e\000r\000\040\000D\000a\000t\000a\000\040\000D\000o\000c\000u\000m\000e\000n\000t\000a\000t\000i\000o\000n}{section.3.2}% 14
\BOOKMARK [3][-]{subsubsection.3.2.2.1}{\376\377\0003\000.\0002\000.\0002\000.\0001\000\040\000f\000r\000e\000n\000t\000e}{subsection.3.2.2}% 15
\BOOKMARK [3][-]{subsubsection.3.2.2.2}{\376\377\0003\000.\0002\000.\0002\000.\0002\000\040\000m\000e\000n\000s\000a\000g\000e\000n\000s}{subsection.3.2.2}% 16
\BOOKMARK [3][-]{subsubsection.3.2.2.3}{\376\377\0003\000.\0002\000.\0002\000.\0003\000\040\000t\000a\000m\000a\000n\000h\000o}{subsection.3.2.2}% 17
\BOOKMARK [3][-]{subsubsection.3.2.2.4}{\376\377\0003\000.\0002\000.\0002\000.\0004\000\040\000t\000r\000a\000s}{subsection.3.2.2}% 18
\BOOKMARK [1][-]{section.3.3}{\376\377\0003\000.\0003\000\040\000L\000o\000g\000\040\000S\000t\000r\000u\000c\000t\000\040\000R\000e\000f\000e\000r\000e\000n\000c\000e}{chapter.3}% 19
\BOOKMARK [2][-]{subsection.3.3.1}{\376\377\0003\000.\0003\000.\0001\000\040\000D\000e\000t\000a\000i\000l\000e\000d\000\040\000D\000e\000s\000c\000r\000i\000p\000t\000i\000o\000n}{section.3.3}% 20
\BOOKMARK [2][-]{subsection.3.3.2}{\376\377\0003\000.\0003\000.\0002\000\040\000M\000e\000m\000b\000e\000r\000\040\000D\000a\000t\000a\000\040\000D\000o\000c\000u\000m\000e\000n\000t\000a\000t\000i\000o\000n}{section.3.3}% 21
\BOOKMARK [3][-]{subsubsection.3.3.2.1}{\376\377\0003\000.\0003\000.\0002\000.\0001\000\040\000p\000r\000o\000d\000u\000t\000o\000\137\000i\000d}{subsection.3.3.2}% 22
\BOOKMARK [3][-]{subsubsection.3.3.2.2}{\376\377\0003\000.\0003\000.\0002\000.\0002\000\040\000p\000r\000o\000x}{subsection.3.3.2}% 23
\BOOKMARK [3][-]{subsubsection.3.3.2.3}{\376\377\0003\000.\0003\000.\0002\000.\0003\000\040\000t\000i\000m\000e\000s\000t\000a\000m\000p}{subsection.3.3.2}% 24
\BOOKMARK [3][-]{subsubsection.3.3.2.4}{\376\377\0003\000.\0003\000.\0002\000.\0004\000\040\000t\000r\000o\000c\000o}{subsection.3.3.2}% 25
\BOOKMARK [3][-]{subsubsection.3.3.2.5}{\376\377\0003\000.\0003\000.\0002\000.\0005\000\040\000v\000a\000l\000o\000r\000\137\000p\000a\000g\000o}{subsection.3.3.2}% 26
\BOOKMARK [1][-]{section.3.4}{\376\377\0003\000.\0004\000\040\000P\000i\000l\000h\000a\000\040\000S\000t\000r\000u\000c\000t\000\040\000R\000e\000f\000e\000r\000e\000n\000c\000e}{chapter.3}% 27
\BOOKMARK [2][-]{subsection.3.4.1}{\376\377\0003\000.\0004\000.\0001\000\040\000D\000e\000t\000a\000i\000l\000e\000d\000\040\000D\000e\000s\000c\000r\000i\000p\000t\000i\000o\000n}{section.3.4}% 28
\BOOKMARK [2][-]{subsection.3.4.2}{\376\377\0003\000.\0004\000.\0002\000\040\000M\000e\000m\000b\000e\000r\000\040\000D\000a\000t\000a\000\040\000D\000o\000c\000u\000m\000e\000n\000t\000a\000t\000i\000o\000n}{section.3.4}% 29
\BOOKMARK [3][-]{subsubsection.3.4.2.1}{\376\377\0003\000.\0004\000.\0002\000.\0001\000\040\000t\000o\000p\000o}{subsection.3.4.2}% 30
\BOOKMARK [3][-]{subsubsection.3.4.2.2}{\376\377\0003\000.\0004\000.\0002\000.\0002\000\040\000v\000a\000l\000o\000r\000e\000s}{subsection.3.4.2}% 31
\BOOKMARK [1][-]{section.3.5}{\376\377\0003\000.\0005\000\040\000P\000i\000l\000h\000a\000E\000s\000t\000a\000d\000o\000s\000\040\000S\000t\000r\000u\000c\000t\000\040\000R\000e\000f\000e\000r\000e\000n\000c\000e}{chapter.3}% 32
\BOOKMARK [2][-]{subsection.3.5.1}{\376\377\0003\000.\0005\000.\0001\000\040\000D\000e\000t\000a\000i\000l\000e\000d\000\040\000D\000e\000s\000c\000r\000i\000p\000t\000i\000o\000n}{section.3.5}% 33
\BOOKMARK [2][-]{subsection.3.5.2}{\376\377\0003\000.\0005\000.\0002\000\040\000M\000e\000m\000b\000e\000r\000\040\000D\000a\000t\000a\000\040\000D\000o\000c\000u\000m\000e\000n\000t\000a\000t\000i\000o\000n}{section.3.5}% 34
\BOOKMARK [3][-]{subsubsection.3.5.2.1}{\376\377\0003\000.\0005\000.\0002\000.\0001\000\040\000e\000s\000t\000a\000d\000o\000s}{subsection.3.5.2}% 35
\BOOKMARK [3][-]{subsubsection.3.5.2.2}{\376\377\0003\000.\0005\000.\0002\000.\0002\000\040\000t\000o\000p\000o}{subsection.3.5.2}% 36
\BOOKMARK [1][-]{section.3.6}{\376\377\0003\000.\0006\000\040\000p\000r\000o\000d\000u\000t\000o\000\040\000S\000t\000r\000u\000c\000t\000\040\000R\000e\000f\000e\000r\000e\000n\000c\000e}{chapter.3}% 37
\BOOKMARK [2][-]{subsection.3.6.1}{\376\377\0003\000.\0006\000.\0001\000\040\000D\000e\000t\000a\000i\000l\000e\000d\000\040\000D\000e\000s\000c\000r\000i\000p\000t\000i\000o\000n}{section.3.6}% 38
\BOOKMARK [2][-]{subsection.3.6.2}{\376\377\0003\000.\0006\000.\0002\000\040\000M\000e\000m\000b\000e\000r\000\040\000D\000a\000t\000a\000\040\000D\000o\000c\000u\000m\000e\000n\000t\000a\000t\000i\000o\000n}{section.3.6}% 39
\BOOKMARK [3][-]{subsubsection.3.6.2.1}{\376\377\0003\000.\0006\000.\0002\000.\0001\000\040\000a\000n\000t}{subsection.3.6.2}% 40
\BOOKMARK [3][-]{subsubsection.3.6.2.2}{\376\377\0003\000.\0006\000.\0002\000.\0002\000\040\000e\000s\000t\000o\000q\000u\000e}{subsection.3.6.2}% 41
\BOOKMARK [3][-]{subsubsection.3.6.2.3}{\376\377\0003\000.\0006\000.\0002\000.\0003\000\040\000i\000d}{subsection.3.6.2}% 42
\BOOKMARK [3][-]{subsubsection.3.6.2.4}{\376\377\0003\000.\0006\000.\0002\000.\0004\000\040\000n\000o\000m\000e}{subsection.3.6.2}% 43
\BOOKMARK [3][-]{subsubsection.3.6.2.5}{\376\377\0003\000.\0006\000.\0002\000.\0005\000\040\000p\000r\000e\000c\000o}{subsection.3.6.2}% 44
\BOOKMARK [3][-]{subsubsection.3.6.2.6}{\376\377\0003\000.\0006\000.\0002\000.\0006\000\040\000p\000r\000o\000x}{subsection.3.6.2}% 45
\BOOKMARK [0][-]{chapter.4}{\376\377\0004\000\040\000F\000i\000l\000e\000\040\000D\000o\000c\000u\000m\000e\000n\000t\000a\000t\000i\000o\000n}{}% 46
\BOOKMARK [1][-]{section.4.1}{\376\377\0004\000.\0001\000\040\000c\000o\000n\000f\000i\000g\000.\000c\000\040\000F\000i\000l\000e\000\040\000R\000e\000f\000e\000r\000e\000n\000c\000e}{chapter.4}% 47
\BOOKMARK [2][-]{subsection.4.1.1}{\376\377\0004\000.\0001\000.\0001\000\040\000D\000e\000t\000a\000i\000l\000e\000d\000\040\000D\000e\000s\000c\000r\000i\000p\000t\000i\000o\000n}{section.4.1}% 48
\BOOKMARK [2][-]{subsection.4.1.2}{\376\377\0004\000.\0001\000.\0002\000\040\000F\000u\000n\000c\000t\000i\000o\000n\000\040\000D\000o\000c\000u\000m\000e\000n\000t\000a\000t\000i\000o\000n}{section.4.1}% 49
\BOOKMARK [3][-]{subsubsection.4.1.2.1}{\376\377\0004\000.\0001\000.\0002\000.\0001\000\040\000m\000e\000n\000u\000\137\000c\000o\000n\000f\000i\000g\000u\000r\000a\000c\000a\000o\000\050\000\051}{subsection.4.1.2}% 50
\BOOKMARK [3][-]{subsubsection.4.1.2.2}{\376\377\0004\000.\0001\000.\0002\000.\0002\000\040\000v\000e\000r\000i\000f\000i\000c\000a\000r\000\137\000s\000e\000n\000h\000a\000\050\000\051}{subsection.4.1.2}% 51
\BOOKMARK [1][-]{section.4.2}{\376\377\0004\000.\0002\000\040\000c\000o\000n\000f\000i\000g\000.\000h\000\040\000F\000i\000l\000e\000\040\000R\000e\000f\000e\000r\000e\000n\000c\000e}{chapter.4}% 52
\BOOKMARK [2][-]{subsection.4.2.1}{\376\377\0004\000.\0002\000.\0001\000\040\000D\000e\000t\000a\000i\000l\000e\000d\000\040\000D\000e\000s\000c\000r\000i\000p\000t\000i\000o\000n}{section.4.2}% 53
\BOOKMARK [2][-]{subsection.4.2.2}{\376\377\0004\000.\0002\000.\0002\000\040\000F\000u\000n\000c\000t\000i\000o\000n\000\040\000D\000o\000c\000u\000m\000e\000n\000t\000a\000t\000i\000o\000n}{section.4.2}% 54
\BOOKMARK [3][-]{subsubsection.4.2.2.1}{\376\377\0004\000.\0002\000.\0002\000.\0001\000\040\000m\000e\000n\000u\000\137\000c\000o\000n\000f\000i\000g\000u\000r\000a\000c\000a\000o\000\050\000\051}{subsection.4.2.2}% 55
\BOOKMARK [3][-]{subsubsection.4.2.2.2}{\376\377\0004\000.\0002\000.\0002\000.\0002\000\040\000v\000e\000r\000i\000f\000i\000c\000a\000r\000\137\000s\000e\000n\000h\000a\000\050\000\051}{subsection.4.2.2}% 56
\BOOKMARK [1][-]{section.4.3}{\376\377\0004\000.\0003\000\040\000c\000o\000n\000f\000i\000g\000.\000h}{chapter.4}% 57
\BOOKMARK [1][-]{section.4.4}{\376\377\0004\000.\0004\000\040\000e\000s\000t\000a\000t\000i\000s\000t\000i\000c\000a\000s\000.\000c\000\040\000F\000i\000l\000e\000\040\000R\000e\000f\000e\000r\000e\000n\000c\000e}{chapter.4}% 58
\BOOKMARK [2][-]{subsection.4.4.1}{\376\377\0004\000.\0004\000.\0001\000\040\000D\000e\000t\000a\000i\000l\000e\000d\000\040\000D\000e\000s\000c\000r\000i\000p\000t\000i\000o\000n}{section.4.4}% 59
\BOOKMARK [2][-]{subsection.4.4.2}{\376\377\0004\000.\0004\000.\0002\000\040\000F\000u\000n\000c\000t\000i\000o\000n\000\040\000D\000o\000c\000u\000m\000e\000n\000t\000a\000t\000i\000o\000n}{section.4.4}% 60
\BOOKMARK [3][-]{subsubsection.4.4.2.1}{\376\377\0004\000.\0004\000.\0002\000.\0001\000\040\000g\000e\000r\000a\000r\000\137\000e\000s\000t\000a\000t\000i\000s\000t\000i\000c\000a\000s\000\050\000\051}{subsection.4.4.2}% 61
\BOOKMARK [3][-]{subsubsection.4.4.2.2}{\376\377\0004\000.\0004\000.\0002\000.\0002\000\040\000s\000a\000l\000v\000a\000r\000\137\000e\000s\000t\000a\000t\000i\000s\000t\000i\000c\000a\000s\000\137\000c\000s\000v\000\050\000\051}{subsection.4.4.2}% 62
\BOOKMARK [1][-]{section.4.5}{\376\377\0004\000.\0005\000\040\000e\000s\000t\000a\000t\000i\000s\000t\000i\000c\000a\000s\000.\000h\000\040\000F\000i\000l\000e\000\040\000R\000e\000f\000e\000r\000e\000n\000c\000e}{chapter.4}% 63
\BOOKMARK [2][-]{subsection.4.5.1}{\376\377\0004\000.\0005\000.\0001\000\040\000D\000e\000t\000a\000i\000l\000e\000d\000\040\000D\000e\000s\000c\000r\000i\000p\000t\000i\000o\000n}{section.4.5}% 64
\BOOKMARK [2][-]{subsection.4.5.2}{\376\377\0004\000.\0005\000.\0002\000\040\000F\000u\000n\000c\000t\000i\000o\000n\000\040\000D\000o\000c\000u\000m\000e\000n\000t\000a\000t\000i\000o\000n}{section.4.5}% 65
\BOOKMARK [3][-]{subsubsection.4.5.2.1}{\376\377\0004\000.\0005\000.\0002\000.\0001\000\040\000g\000e\000r\000a\000r\000\137\000e\000s\000t\000a\000t\000i\000s\000t\000i\000c\000a\000s\000\050\000\051}{subsection.4.5.2}% 66
\BOOKMARK [3][-]{subsubsection.4.5.2.2}{\376\377\0004\000.\0005\000.\0002\000.\0002\000\040\000s\000a\000l\000v\000a\000r\000\137\000e\000s\000t\000a\000t\000i\000s\000t\000i\000c\000a\000s\000\137\000c\000s\000v\000\050\000\051}{subsection.4.5.2}% 67
\BOOKMARK [1][-]{section.4.6}{\376\377\0004\000.\0006\000\040\000e\000s\000t\000a\000t\000i\000s\000t\000i\000c\000a\000s\000.\000h}{chapter.4}% 68
\BOOKMARK [1][-]{section.4.7}{\376\377\0004\000.\0007\000\040\000f\000i\000l\000a\000.\000c\000\040\000F\000i\000l\000e\000\040\000R\000e\000f\000e\000r\000e\000n\000c\000e}{chapter.4}% 69
\BOOKMARK [2][-]{subsection.4.7.1}{\376\377\0004\000.\0007\000.\0001\000\040\000D\000e\000t\000a\000i\000l\000e\000d\000\040\000D\000e\000s\000c\000r\000i\000p\000t\000i\000o\000n}{section.4.7}% 70
\BOOKMARK [2][-]{subsection.4.7.2}{\376\377\0004\000.\0007\000.\0002\000\040\000F\000u\000n\000c\000t\000i\000o\000n\000\040\000D\000o\000c\000u\000m\000e\000n\000t\000a\000t\000i\000o\000n}{section.4.7}% 71
\BOOKMARK [3][-]{subsubsection.4.7.2.1}{\376\377\0004\000.\0007\000.\0002\000.\0001\000\040\000d\000e\000s\000e\000n\000f\000i\000l\000e\000i\000r\000a\000r\000\050\000\051}{subsection.4.7.2}% 72
\BOOKMARK [3][-]{subsubsection.4.7.2.2}{\376\377\0004\000.\0007\000.\0002\000.\0002\000\040\000e\000n\000f\000i\000l\000e\000i\000r\000a\000r\000\050\000\051}{subsection.4.7.2}% 73
\BOOKMARK [3][-]{subsubsection.4.7.2.3}{\376\377\0004\000.\0007\000.\0002\000.\0003\000\040\000f\000r\000e\000n\000t\000e\000\137\000f\000i\000l\000a\000\050\000\051}{subsection.4.7.2}% 74
\BOOKMARK [3][-]{subsubsection.4.7.2.4}{\376\377\0004\000.\0007\000.\0002\000.\0004\000\040\000i\000n\000i\000c\000i\000a\000l\000i\000z\000a\000r\000\137\000f\000i\000l\000a\000\050\000\051}{subsection.4.7.2}% 75
\BOOKMARK [1][-]{section.4.8}{\376\377\0004\000.\0008\000\040\000f\000i\000l\000a\000.\000h\000\040\000F\000i\000l\000e\000\040\000R\000e\000f\000e\000r\000e\000n\000c\000e}{chapter.4}% 76
\BOOKMARK [2][-]{subsection.4.8.1}{\376\377\0004\000.\0008\000.\0001\000\040\000D\000e\000t\000a\000i\000l\000e\000d\000\040\000D\000e\000s\000c\000r\000i\000p\000t\000i\000o\000n}{section.4.8}% 77
\BOOKMARK [2][-]{subsection.4.8.2}{\376\377\0004\000.\0008\000.\0002\000\040\000F\000u\000n\000c\000t\000i\000o\000n\000\040\000D\000o\000c\000u\000m\000e\000n\000t\000a\000t\000i\000o\000n}{section.4.8}% 78
\BOOKMARK [3][-]{subsubsection.4.8.2.1}{\376\377\0004\000.\0008\000.\0002\000.\0001\000\040\000d\000e\000s\000e\000n\000f\000i\000l\000e\000i\000r\000a\000r\000\050\000\051}{subsection.4.8.2}% 79
\BOOKMARK [3][-]{subsubsection.4.8.2.2}{\376\377\0004\000.\0008\000.\0002\000.\0002\000\040\000e\000n\000f\000i\000l\000e\000i\000r\000a\000r\000\050\000\051}{subsection.4.8.2}% 80
\BOOKMARK [3][-]{subsubsection.4.8.2.3}{\376\377\0004\000.\0008\000.\0002\000.\0003\000\040\000f\000r\000e\000n\000t\000e\000\137\000f\000i\000l\000a\000\050\000\051}{subsection.4.8.2}% 81
\BOOKMARK [3][-]{subsubsection.4.8.2.4}{\376\377\0004\000.\0008\000.\0002\000.\0004\000\040\000i\000n\000i\000c\000i\000a\000l\000i\000z\000a\000r\000\137\000f\000i\000l\000a\000\050\000\051}{subsection.4.8.2}% 82
\BOOKMARK [1][-]{section.4.9}{\376\377\0004\000.\0009\000\040\000f\000i\000l\000a\000.\000h}{chapter.4}% 83
\BOOKMARK [1][-]{section.4.10}{\376\377\0004\000.\0001\0000\000\040\000l\000i\000s\000t\000a\000\137\000p\000r\000o\000d\000u\000t\000o\000s\000.\000c\000\040\000F\000i\000l\000e\000\040\000R\000e\000f\000e\000r\000e\000n\000c\000e}{chapter.4}% 84
\BOOKMARK [2][-]{subsection.4.10.1}{\376\377\0004\000.\0001\0000\000.\0001\000\040\000D\000e\000t\000a\000i\000l\000e\000d\000\040\000D\000e\000s\000c\000r\000i\000p\000t\000i\000o\000n}{section.4.10}% 85
\BOOKMARK [2][-]{subsection.4.10.2}{\376\377\0004\000.\0001\0000\000.\0002\000\040\000F\000u\000n\000c\000t\000i\000o\000n\000\040\000D\000o\000c\000u\000m\000e\000n\000t\000a\000t\000i\000o\000n}{section.4.10}% 86
\BOOKMARK [3][-]{subsubsection.4.10.2.1}{\376\377\0004\000.\0001\0000\000.\0002\000.\0001\000\040\000a\000d\000i\000c\000i\000o\000n\000a\000r\000\137\000p\000r\000o\000d\000u\000t\000o\000\050\000\051}{subsection.4.10.2}% 87
\BOOKMARK [3][-]{subsubsection.4.10.2.2}{\376\377\0004\000.\0001\0000\000.\0002\000.\0002\000\040\000b\000u\000s\000c\000a\000r\000\137\000p\000r\000o\000d\000u\000t\000o\000\050\000\051}{subsection.4.10.2}% 88
\BOOKMARK [3][-]{subsubsection.4.10.2.3}{\376\377\0004\000.\0001\0000\000.\0002\000.\0003\000\040\000c\000a\000r\000r\000e\000g\000a\000r\000\137\000p\000r\000o\000d\000u\000t\000o\000s\000\137\000c\000s\000v\000\050\000\051}{subsection.4.10.2}% 89
\BOOKMARK [3][-]{subsubsection.4.10.2.4}{\376\377\0004\000.\0001\0000\000.\0002\000.\0004\000\040\000l\000i\000b\000e\000r\000a\000r\000\137\000l\000i\000s\000t\000a\000\137\000p\000r\000o\000d\000u\000t\000o\000s\000\050\000\051}{subsection.4.10.2}% 90
\BOOKMARK [3][-]{subsubsection.4.10.2.5}{\376\377\0004\000.\0001\0000\000.\0002\000.\0005\000\040\000l\000i\000s\000t\000a\000r\000\137\000p\000r\000o\000d\000u\000t\000o\000s\000\050\000\051}{subsection.4.10.2}% 91
\BOOKMARK [3][-]{subsubsection.4.10.2.6}{\376\377\0004\000.\0001\0000\000.\0002\000.\0006\000\040\000r\000e\000m\000o\000v\000e\000r\000\137\000p\000r\000o\000d\000u\000t\000o\000\050\000\051}{subsection.4.10.2}% 92
\BOOKMARK [3][-]{subsubsection.4.10.2.7}{\376\377\0004\000.\0001\0000\000.\0002\000.\0007\000\040\000s\000a\000l\000v\000a\000r\000\137\000p\000r\000o\000d\000u\000t\000o\000s\000\137\000c\000s\000v\000\050\000\051}{subsection.4.10.2}% 93
\BOOKMARK [1][-]{section.4.11}{\376\377\0004\000.\0001\0001\000\040\000l\000i\000s\000t\000a\000\137\000p\000r\000o\000d\000u\000t\000o\000s\000.\000h\000\040\000F\000i\000l\000e\000\040\000R\000e\000f\000e\000r\000e\000n\000c\000e}{chapter.4}% 94
\BOOKMARK [2][-]{subsection.4.11.1}{\376\377\0004\000.\0001\0001\000.\0001\000\040\000D\000e\000t\000a\000i\000l\000e\000d\000\040\000D\000e\000s\000c\000r\000i\000p\000t\000i\000o\000n}{section.4.11}% 95
\BOOKMARK [2][-]{subsection.4.11.2}{\376\377\0004\000.\0001\0001\000.\0002\000\040\000F\000u\000n\000c\000t\000i\000o\000n\000\040\000D\000o\000c\000u\000m\000e\000n\000t\000a\000t\000i\000o\000n}{section.4.11}% 96
\BOOKMARK [3][-]{subsubsection.4.11.2.1}{\376\377\0004\000.\0001\0001\000.\0002\000.\0001\000\040\000a\000d\000i\000c\000i\000o\000n\000a\000r\000\137\000p\000r\000o\000d\000u\000t\000o\000\050\000\051}{subsection.4.11.2}% 97
\BOOKMARK [3][-]{subsubsection.4.11.2.2}{\376\377\0004\000.\0001\0001\000.\0002\000.\0002\000\040\000b\000u\000s\000c\000a\000r\000\137\000p\000r\000o\000d\000u\000t\000o\000\050\000\051}{subsection.4.11.2}% 98
\BOOKMARK [3][-]{subsubsection.4.11.2.3}{\376\377\0004\000.\0001\0001\000.\0002\000.\0003\000\040\000c\000a\000r\000r\000e\000g\000a\000r\000\137\000p\000r\000o\000d\000u\000t\000o\000s\000\137\000c\000s\000v\000\050\000\051}{subsection.4.11.2}% 99
\BOOKMARK [3][-]{subsubsection.4.11.2.4}{\376\377\0004\000.\0001\0001\000.\0002\000.\0004\000\040\000l\000i\000b\000e\000r\000a\000r\000\137\000l\000i\000s\000t\000a\000\137\000p\000r\000o\000d\000u\000t\000o\000s\000\050\000\051}{subsection.4.11.2}% 100
\BOOKMARK [3][-]{subsubsection.4.11.2.5}{\376\377\0004\000.\0001\0001\000.\0002\000.\0005\000\040\000l\000i\000s\000t\000a\000r\000\137\000p\000r\000o\000d\000u\000t\000o\000s\000\050\000\051}{subsection.4.11.2}% 101
\BOOKMARK [3][-]{subsubsection.4.11.2.6}{\376\377\0004\000.\0001\0001\000.\0002\000.\0006\000\040\000r\000e\000m\000o\000v\000e\000r\000\137\000p\000r\000o\000d\000u\000t\000o\000\050\000\051}{subsection.4.11.2}% 102
\BOOKMARK [3][-]{subsubsection.4.11.2.7}{\376\377\0004\000.\0001\0001\000.\0002\000.\0007\000\040\000s\000a\000l\000v\000a\000r\000\137\000p\000r\000o\000d\000u\000t\000o\000s\000\137\000c\000s\000v\000\050\000\051}{subsection.4.11.2}% 103
\BOOKMARK [1][-]{section.4.12}{\376\377\0004\000.\0001\0002\000\040\000l\000i\000s\000t\000a\000\137\000p\000r\000o\000d\000u\000t\000o\000s\000.\000h}{chapter.4}% 104
\BOOKMARK [1][-]{section.4.13}{\376\377\0004\000.\0001\0003\000\040\000l\000o\000g\000\137\000v\000e\000n\000d\000a\000s\000.\000c\000\040\000F\000i\000l\000e\000\040\000R\000e\000f\000e\000r\000e\000n\000c\000e}{chapter.4}% 105
\BOOKMARK [2][-]{subsection.4.13.1}{\376\377\0004\000.\0001\0003\000.\0001\000\040\000D\000e\000t\000a\000i\000l\000e\000d\000\040\000D\000e\000s\000c\000r\000i\000p\000t\000i\000o\000n}{section.4.13}% 106
\BOOKMARK [2][-]{subsection.4.13.2}{\376\377\0004\000.\0001\0003\000.\0002\000\040\000F\000u\000n\000c\000t\000i\000o\000n\000\040\000D\000o\000c\000u\000m\000e\000n\000t\000a\000t\000i\000o\000n}{section.4.13}% 107
\BOOKMARK [3][-]{subsubsection.4.13.2.1}{\376\377\0004\000.\0001\0003\000.\0002\000.\0001\000\040\000a\000d\000i\000c\000i\000o\000n\000a\000r\000\137\000l\000o\000g\000\050\000\051}{subsection.4.13.2}% 108
\BOOKMARK [3][-]{subsubsection.4.13.2.2}{\376\377\0004\000.\0001\0003\000.\0002\000.\0002\000\040\000c\000a\000r\000r\000e\000g\000a\000r\000\137\000l\000o\000g\000s\000\050\000\051}{subsection.4.13.2}% 109
\BOOKMARK [3][-]{subsubsection.4.13.2.3}{\376\377\0004\000.\0001\0003\000.\0002\000.\0003\000\040\000e\000x\000i\000b\000i\000r\000\137\000l\000o\000g\000s\000\050\000\051}{subsection.4.13.2}% 110
\BOOKMARK [3][-]{subsubsection.4.13.2.4}{\376\377\0004\000.\0001\0003\000.\0002\000.\0004\000\040\000l\000i\000b\000e\000r\000a\000r\000\137\000l\000o\000g\000s\000\050\000\051}{subsection.4.13.2}% 111
\BOOKMARK [3][-]{subsubsection.4.13.2.5}{\376\377\0004\000.\0001\0003\000.\0002\000.\0005\000\040\000s\000a\000l\000v\000a\000r\000\137\000l\000o\000g\000s\000\050\000\051}{subsection.4.13.2}% 112
\BOOKMARK [1][-]{section.4.14}{\376\377\0004\000.\0001\0004\000\040\000l\000o\000g\000\137\000v\000e\000n\000d\000a\000s\000.\000h\000\040\000F\000i\000l\000e\000\040\000R\000e\000f\000e\000r\000e\000n\000c\000e}{chapter.4}% 113
\BOOKMARK [2][-]{subsection.4.14.1}{\376\377\0004\000.\0001\0004\000.\0001\000\040\000D\000e\000t\000a\000i\000l\000e\000d\000\040\000D\000e\000s\000c\000r\000i\000p\000t\000i\000o\000n}{section.4.14}% 114
\BOOKMARK [2][-]{subsection.4.14.2}{\376\377\0004\000.\0001\0004\000.\0002\000\040\000F\000u\000n\000c\000t\000i\000o\000n\000\040\000D\000o\000c\000u\000m\000e\000n\000t\000a\000t\000i\000o\000n}{section.4.14}% 115
\BOOKMARK [3][-]{subsubsection.4.14.2.1}{\376\377\0004\000.\0001\0004\000.\0002\000.\0001\000\040\000a\000d\000i\000c\000i\000o\000n\000a\000r\000\137\000l\000o\000g\000\050\000\051}{subsection.4.14.2}% 116
\BOOKMARK [3][-]{subsubsection.4.14.2.2}{\376\377\0004\000.\0001\0004\000.\0002\000.\0002\000\040\000c\000a\000r\000r\000e\000g\000a\000r\000\137\000l\000o\000g\000s\000\050\000\051}{subsection.4.14.2}% 117
\BOOKMARK [3][-]{subsubsection.4.14.2.3}{\376\377\0004\000.\0001\0004\000.\0002\000.\0003\000\040\000e\000x\000i\000b\000i\000r\000\137\000l\000o\000g\000s\000\050\000\051}{subsection.4.14.2}% 118
\BOOKMARK [3][-]{subsubsection.4.14.2.4}{\376\377\0004\000.\0001\0004\000.\0002\000.\0004\000\040\000l\000i\000b\000e\000r\000a\000r\000\137\000l\000o\000g\000s\000\050\000\051}{subsection.4.14.2}% 119
\BOOKMARK [3][-]{subsubsection.4.14.2.5}{\376\377\0004\000.\0001\0004\000.\0002\000.\0005\000\040\000s\000a\000l\000v\000a\000r\000\137\000l\000o\000g\000s\000\050\000\051}{subsection.4.14.2}% 120
\BOOKMARK [1][-]{section.4.15}{\376\377\0004\000.\0001\0005\000\040\000l\000o\000g\000\137\000v\000e\000n\000d\000a\000s\000.\000h}{chapter.4}% 121
\BOOKMARK [1][-]{section.4.16}{\376\377\0004\000.\0001\0006\000\040\000m\000a\000i\000n\000.\000c\000\040\000F\000i\000l\000e\000\040\000R\000e\000f\000e\000r\000e\000n\000c\000e}{chapter.4}% 122
\BOOKMARK [2][-]{subsection.4.16.1}{\376\377\0004\000.\0001\0006\000.\0001\000\040\000D\000e\000t\000a\000i\000l\000e\000d\000\040\000D\000e\000s\000c\000r\000i\000p\000t\000i\000o\000n}{section.4.16}% 123
\BOOKMARK [2][-]{subsection.4.16.2}{\376\377\0004\000.\0001\0006\000.\0002\000\040\000F\000u\000n\000c\000t\000i\000o\000n\000\040\000D\000o\000c\000u\000m\000e\000n\000t\000a\000t\000i\000o\000n}{section.4.16}% 124
\BOOKMARK [3][-]{subsubsection.4.16.2.1}{\376\377\0004\000.\0001\0006\000.\0002\000.\0001\000\040\000m\000a\000i\000n\000\050\000\051}{subsection.4.16.2}% 125
\BOOKMARK [1][-]{section.4.17}{\376\377\0004\000.\0001\0007\000\040\000p\000a\000g\000a\000m\000e\000n\000t\000o\000.\000c\000\040\000F\000i\000l\000e\000\040\000R\000e\000f\000e\000r\000e\000n\000c\000e}{chapter.4}% 126
\BOOKMARK [2][-]{subsection.4.17.1}{\376\377\0004\000.\0001\0007\000.\0001\000\040\000D\000e\000t\000a\000i\000l\000e\000d\000\040\000D\000e\000s\000c\000r\000i\000p\000t\000i\000o\000n}{section.4.17}% 127
\BOOKMARK [2][-]{subsection.4.17.2}{\376\377\0004\000.\0001\0007\000.\0002\000\040\000F\000u\000n\000c\000t\000i\000o\000n\000\040\000D\000o\000c\000u\000m\000e\000n\000t\000a\000t\000i\000o\000n}{section.4.17}% 128
\BOOKMARK [3][-]{subsubsection.4.17.2.1}{\376\377\0004\000.\0001\0007\000.\0002\000.\0001\000\040\000c\000a\000l\000c\000u\000l\000a\000r\000\137\000t\000r\000o\000c\000o\000\050\000\051}{subsection.4.17.2}% 129
\BOOKMARK [3][-]{subsubsection.4.17.2.2}{\376\377\0004\000.\0001\0007\000.\0002\000.\0002\000\040\000d\000e\000s\000f\000a\000z\000e\000r\000\137\000m\000o\000e\000d\000a\000\050\000\051}{subsection.4.17.2}% 130
\BOOKMARK [3][-]{subsubsection.4.17.2.3}{\376\377\0004\000.\0001\0007\000.\0002\000.\0003\000\040\000i\000n\000s\000e\000r\000i\000r\000\137\000m\000o\000e\000d\000a\000s\000\050\000\051}{subsection.4.17.2}% 131
\BOOKMARK [1][-]{section.4.18}{\376\377\0004\000.\0001\0008\000\040\000p\000a\000g\000a\000m\000e\000n\000t\000o\000.\000h\000\040\000F\000i\000l\000e\000\040\000R\000e\000f\000e\000r\000e\000n\000c\000e}{chapter.4}% 132
\BOOKMARK [2][-]{subsection.4.18.1}{\376\377\0004\000.\0001\0008\000.\0001\000\040\000D\000e\000t\000a\000i\000l\000e\000d\000\040\000D\000e\000s\000c\000r\000i\000p\000t\000i\000o\000n}{section.4.18}% 133
\BOOKMARK [2][-]{subsection.4.18.2}{\376\377\0004\000.\0001\0008\000.\0002\000\040\000F\000u\000n\000c\000t\000i\000o\000n\000\040\000D\000o\000c\000u\000m\000e\000n\000t\000a\000t\000i\000o\000n}{section.4.18}% 134
\BOOKMARK [3][-]{subsubsection.4.18.2.1}{\376\377\0004\000.\0001\0008\000.\0002\000.\0001\000\040\000c\000a\000l\000c\000u\000l\000a\000r\000\137\000t\000r\000o\000c\000o\000\050\000\051}{subsection.4.18.2}% 135
\BOOKMARK [3][-]{subsubsection.4.18.2.2}{\376\377\0004\000.\0001\0008\000.\0002\000.\0002\000\040\000d\000e\000s\000f\000a\000z\000e\000r\000\137\000m\000o\000e\000d\000a\000\050\000\051}{subsection.4.18.2}% 136
\BOOKMARK [3][-]{subsubsection.4.18.2.3}{\376\377\0004\000.\0001\0008\000.\0002\000.\0003\000\040\000i\000n\000s\000e\000r\000i\000r\000\137\000m\000o\000e\000d\000a\000s\000\050\000\051}{subsection.4.18.2}% 137
\BOOKMARK [1][-]{section.4.19}{\376\377\0004\000.\0001\0009\000\040\000p\000a\000g\000a\000m\000e\000n\000t\000o\000.\000h}{chapter.4}% 138
\BOOKMARK [1][-]{section.4.20}{\376\377\0004\000.\0002\0000\000\040\000p\000i\000l\000h\000a\000.\000c\000\040\000F\000i\000l\000e\000\040\000R\000e\000f\000e\000r\000e\000n\000c\000e}{chapter.4}% 139
\BOOKMARK [2][-]{subsection.4.20.1}{\376\377\0004\000.\0002\0000\000.\0001\000\040\000D\000e\000t\000a\000i\000l\000e\000d\000\040\000D\000e\000s\000c\000r\000i\000p\000t\000i\000o\000n}{section.4.20}% 140
\BOOKMARK [1][-]{section.4.21}{\376\377\0004\000.\0002\0001\000\040\000p\000i\000l\000h\000a\000.\000h\000\040\000F\000i\000l\000e\000\040\000R\000e\000f\000e\000r\000e\000n\000c\000e}{chapter.4}% 141
\BOOKMARK [2][-]{subsection.4.21.1}{\376\377\0004\000.\0002\0001\000.\0001\000\040\000D\000e\000t\000a\000i\000l\000e\000d\000\040\000D\000e\000s\000c\000r\000i\000p\000t\000i\000o\000n}{section.4.21}% 142
\BOOKMARK [1][-]{section.4.22}{\376\377\0004\000.\0002\0002\000\040\000p\000i\000l\000h\000a\000.\000h}{chapter.4}% 143
\BOOKMARK [1][-]{section.4.23}{\376\377\0004\000.\0002\0003\000\040\000s\000t\000a\000t\000e\000s\000.\000c\000\040\000F\000i\000l\000e\000\040\000R\000e\000f\000e\000r\000e\000n\000c\000e}{chapter.4}% 144
\BOOKMARK [2][-]{subsection.4.23.1}{\376\377\0004\000.\0002\0003\000.\0001\000\040\000D\000e\000t\000a\000i\000l\000e\000d\000\040\000D\000e\000s\000c\000r\000i\000p\000t\000i\000o\000n}{section.4.23}% 145
\BOOKMARK [2][-]{subsection.4.23.2}{\376\377\0004\000.\0002\0003\000.\0002\000\040\000F\000u\000n\000c\000t\000i\000o\000n\000\040\000D\000o\000c\000u\000m\000e\000n\000t\000a\000t\000i\000o\000n}{section.4.23}% 146
\BOOKMARK [3][-]{subsubsection.4.23.2.1}{\376\377\0004\000.\0002\0003\000.\0002\000.\0001\000\040\000e\000s\000t\000a\000d\000o\000\137\000c\000o\000n\000f\000i\000g\000u\000r\000a\000c\000a\000o\000\050\000\051}{subsection.4.23.2}% 147
\BOOKMARK [3][-]{subsubsection.4.23.2.2}{\376\377\0004\000.\0002\0003\000.\0002\000.\0002\000\040\000e\000s\000t\000a\000d\000o\000\137\000m\000e\000n\000u\000\137\000p\000r\000i\000n\000c\000i\000p\000a\000l\000\050\000\051}{subsection.4.23.2}% 148
\BOOKMARK [3][-]{subsubsection.4.23.2.3}{\376\377\0004\000.\0002\0003\000.\0002\000.\0003\000\040\000e\000s\000t\000a\000d\000o\000\137\000p\000a\000g\000a\000m\000e\000n\000t\000o\000\050\000\051}{subsection.4.23.2}% 149
\BOOKMARK [3][-]{subsubsection.4.23.2.4}{\376\377\0004\000.\0002\0003\000.\0002\000.\0004\000\040\000e\000s\000t\000a\000d\000o\000\137\000s\000e\000l\000e\000c\000a\000o\000\137\000p\000r\000o\000d\000u\000t\000o\000\050\000\051}{subsection.4.23.2}% 150
\BOOKMARK [1][-]{section.4.24}{\376\377\0004\000.\0002\0004\000\040\000s\000t\000a\000t\000e\000s\000.\000h\000\040\000F\000i\000l\000e\000\040\000R\000e\000f\000e\000r\000e\000n\000c\000e}{chapter.4}% 151
\BOOKMARK [2][-]{subsection.4.24.1}{\376\377\0004\000.\0002\0004\000.\0001\000\040\000D\000e\000t\000a\000i\000l\000e\000d\000\040\000D\000e\000s\000c\000r\000i\000p\000t\000i\000o\000n}{section.4.24}% 152
\BOOKMARK [2][-]{subsection.4.24.2}{\376\377\0004\000.\0002\0004\000.\0002\000\040\000E\000n\000u\000m\000e\000r\000a\000t\000i\000o\000n\000\040\000T\000y\000p\000e\000\040\000D\000o\000c\000u\000m\000e\000n\000t\000a\000t\000i\000o\000n}{section.4.24}% 153
\BOOKMARK [3][-]{subsubsection.4.24.2.1}{\376\377\0004\000.\0002\0004\000.\0002\000.\0001\000\040\000S\000t\000a\000t\000e}{subsection.4.24.2}% 154
\BOOKMARK [2][-]{subsection.4.24.3}{\376\377\0004\000.\0002\0004\000.\0003\000\040\000F\000u\000n\000c\000t\000i\000o\000n\000\040\000D\000o\000c\000u\000m\000e\000n\000t\000a\000t\000i\000o\000n}{section.4.24}% 155
\BOOKMARK [3][-]{subsubsection.4.24.3.1}{\376\377\0004\000.\0002\0004\000.\0003\000.\0001\000\040\000e\000s\000t\000a\000d\000o\000\137\000c\000o\000n\000f\000i\000g\000u\000r\000a\000c\000a\000o\000\050\000\051}{subsection.4.24.3}% 156
\BOOKMARK [3][-]{subsubsection.4.24.3.2}{\376\377\0004\000.\0002\0004\000.\0003\000.\0002\000\040\000e\000s\000t\000a\000d\000o\000\137\000m\000e\000n\000u\000\137\000p\000r\000i\000n\000c\000i\000p\000a\000l\000\050\000\051}{subsection.4.24.3}% 157
\BOOKMARK [3][-]{subsubsection.4.24.3.3}{\376\377\0004\000.\0002\0004\000.\0003\000.\0003\000\040\000e\000s\000t\000a\000d\000o\000\137\000p\000a\000g\000a\000m\000e\000n\000t\000o\000\050\000\051}{subsection.4.24.3}% 158
\BOOKMARK [3][-]{subsubsection.4.24.3.4}{\376\377\0004\000.\0002\0004\000.\0003\000.\0004\000\040\000e\000s\000t\000a\000d\000o\000\137\000s\000e\000l\000e\000c\000a\000o\000\137\000p\000r\000o\000d\000u\000t\000o\000\050\000\051}{subsection.4.24.3}% 159
\BOOKMARK [1][-]{section.4.25}{\376\377\0004\000.\0002\0005\000\040\000s\000t\000a\000t\000e\000s\000.\000h}{chapter.4}% 160
\BOOKMARK [1][-]{section.4.26}{\376\377\0004\000.\0002\0006\000\040\000u\000i\000.\000c\000\040\000F\000i\000l\000e\000\040\000R\000e\000f\000e\000r\000e\000n\000c\000e}{chapter.4}% 161
\BOOKMARK [2][-]{subsection.4.26.1}{\376\377\0004\000.\0002\0006\000.\0001\000\040\000D\000e\000t\000a\000i\000l\000e\000d\000\040\000D\000e\000s\000c\000r\000i\000p\000t\000i\000o\000n}{section.4.26}% 162
\BOOKMARK [2][-]{subsection.4.26.2}{\376\377\0004\000.\0002\0006\000.\0002\000\040\000F\000u\000n\000c\000t\000i\000o\000n\000\040\000D\000o\000c\000u\000m\000e\000n\000t\000a\000t\000i\000o\000n}{section.4.26}% 163
\BOOKMARK [3][-]{subsubsection.4.26.2.1}{\376\377\0004\000.\0002\0006\000.\0002\000.\0001\000\040\000i\000n\000i\000c\000i\000a\000l\000i\000z\000a\000r\000\137\000i\000n\000t\000e\000r\000f\000a\000c\000e\000\050\000\051}{subsection.4.26.2}% 164
\BOOKMARK [3][-]{subsubsection.4.26.2.2}{\376\377\0004\000.\0002\0006\000.\0002\000.\0002\000\040\000l\000i\000m\000p\000a\000r\000\137\000t\000e\000l\000a\000\050\000\051}{subsection.4.26.2}% 165
\BOOKMARK [3][-]{subsubsection.4.26.2.3}{\376\377\0004\000.\0002\0006\000.\0002\000.\0003\000\040\000p\000a\000u\000s\000a\000r\000\050\000\051}{subsection.4.26.2}% 166
\BOOKMARK [1][-]{section.4.27}{\376\377\0004\000.\0002\0007\000\040\000u\000i\000.\000h\000\040\000F\000i\000l\000e\000\040\000R\000e\000f\000e\000r\000e\000n\000c\000e}{chapter.4}% 167
\BOOKMARK [2][-]{subsection.4.27.1}{\376\377\0004\000.\0002\0007\000.\0001\000\040\000D\000e\000t\000a\000i\000l\000e\000d\000\040\000D\000e\000s\000c\000r\000i\000p\000t\000i\000o\000n}{section.4.27}% 168
\BOOKMARK [2][-]{subsection.4.27.2}{\376\377\0004\000.\0002\0007\000.\0002\000\040\000F\000u\000n\000c\000t\000i\000o\000n\000\040\000D\000o\000c\000u\000m\000e\000n\000t\000a\000t\000i\000o\000n}{section.4.27}% 169
\BOOKMARK [3][-]{subsubsection.4.27.2.1}{\376\377\0004\000.\0002\0007\000.\0002\000.\0001\000\040\000i\000n\000i\000c\000i\000a\000l\000i\000z\000a\000r\000\137\000i\000n\000t\000e\000r\000f\000a\000c\000e\000\050\000\051}{subsection.4.27.2}% 170
\BOOKMARK [3][-]{subsubsection.4.27.2.2}{\376\377\0004\000.\0002\0007\000.\0002\000.\0002\000\040\000l\000i\000m\000p\000a\000r\000\137\000t\000e\000l\000a\000\050\000\051}{subsection.4.27.2}% 171
\BOOKMARK [3][-]{subsubsection.4.27.2.3}{\376\377\0004\000.\0002\0007\000.\0002\000.\0003\000\040\000p\000a\000u\000s\000a\000r\000\050\000\051}{subsection.4.27.2}% 172
\BOOKMARK [1][-]{section.4.28}{\376\377\0004\000.\0002\0008\000\040\000u\000i\000.\000h}{chapter.4}% 173
\BOOKMARK [0][-]{section*.64}{\376\377\000I\000n\000d\000e\000x}{}% 174
